<?xml version="1.0" encoding="UTF-8"?>
<testsuite name="com.polarbookshop.catalogservice.web.BookControllerMvcTests" tests="1" skipped="0" failures="0" errors="0" timestamp="2025-11-18T03:31:17" hostname="2e66babf3ec0" time="0.371">
  <properties/>
  <testcase name="whenGetBookNotExistingThenShouldReturn404()" classname="com.polarbookshop.catalogservice.web.BookControllerMvcTests" time="0.371"/>
  <system-out><![CDATA[2025-11-18 03:31:07.424  INFO 87261 --- [    Test worker] .b.t.a.w.s.WebMvcTestContextBootstrapper : Neither @ContextConfiguration nor @ContextHierarchy found for test class [com.polarbookshop.catalogservice.web.BookControllerMvcTests], using SpringBootContextLoader
2025-11-18 03:31:07.442  INFO 87261 --- [    Test worker] o.s.t.c.support.AbstractContextLoader    : Could not detect default resource locations for test class [com.polarbookshop.catalogservice.web.BookControllerMvcTests]: no resource found for suffixes {-context.xml, Context.groovy}.
2025-11-18 03:31:07.442  INFO 87261 --- [    Test worker] t.c.s.AnnotationConfigContextLoaderUtils : Could not detect default configuration classes for test class [com.polarbookshop.catalogservice.web.BookControllerMvcTests]: BookControllerMvcTests does not declare any static, non-private, non-final, nested classes annotated with @Configuration.
2025-11-18 03:31:07.779  INFO 87261 --- [    Test worker] .b.t.c.SpringBootTestContextBootstrapper : Found @SpringBootConfiguration com.polarbookshop.catalogservice.CatalogServiceApplication for test class com.polarbookshop.catalogservice.web.BookControllerMvcTests
2025-11-18 03:31:07.780  INFO 87261 --- [    Test worker] .b.t.a.w.s.WebMvcTestContextBootstrapper : Loaded default TestExecutionListener class names from location [META-INF/spring.factories]: [org.springframework.boot.test.autoconfigure.restdocs.RestDocsTestExecutionListener, org.springframework.boot.test.autoconfigure.web.client.MockRestServiceServerResetTestExecutionListener, org.springframework.boot.test.autoconfigure.web.servlet.MockMvcPrintOnlyOnFailureTestExecutionListener, org.springframework.boot.test.autoconfigure.web.servlet.WebDriverTestExecutionListener, org.springframework.boot.test.autoconfigure.webservices.client.MockWebServiceServerTestExecutionListener, org.springframework.boot.test.mock.mockito.MockitoTestExecutionListener, org.springframework.boot.test.mock.mockito.ResetMocksTestExecutionListener, org.springframework.test.context.web.ServletTestExecutionListener, org.springframework.test.context.support.DirtiesContextBeforeModesTestExecutionListener, org.springframework.test.context.event.ApplicationEventsTestExecutionListener, org.springframework.test.context.support.DependencyInjectionTestExecutionListener, org.springframework.test.context.support.DirtiesContextTestExecutionListener, org.springframework.test.context.transaction.TransactionalTestExecutionListener, org.springframework.test.context.jdbc.SqlScriptsTestExecutionListener, org.springframework.test.context.event.EventPublishingTestExecutionListener]
2025-11-18 03:31:07.790  INFO 87261 --- [    Test worker] .b.t.a.w.s.WebMvcTestContextBootstrapper : Using TestExecutionListeners: [org.springframework.test.context.web.ServletTestExecutionListener@1626bddf, org.springframework.test.context.support.DirtiesContextBeforeModesTestExecutionListener@29532e91, org.springframework.test.context.event.ApplicationEventsTestExecutionListener@7e691624, org.springframework.boot.test.mock.mockito.MockitoTestExecutionListener@7ef60c02, org.springframework.boot.test.autoconfigure.SpringBootDependencyInjectionTestExecutionListener@5d9d8e46, org.springframework.test.context.support.DirtiesContextTestExecutionListener@6d0a14c2, org.springframework.test.context.event.EventPublishingTestExecutionListener@5b64f771, org.springframework.boot.test.autoconfigure.restdocs.RestDocsTestExecutionListener@153c6603, org.springframework.boot.test.autoconfigure.web.client.MockRestServiceServerResetTestExecutionListener@24e2355c, org.springframework.boot.test.autoconfigure.web.servlet.MockMvcPrintOnlyOnFailureTestExecutionListener@19739906, org.springframework.boot.test.autoconfigure.web.servlet.WebDriverTestExecutionListener@65503a26, org.springframework.boot.test.autoconfigure.webservices.client.MockWebServiceServerTestExecutionListener@13aa54f1, org.springframework.boot.test.mock.mockito.ResetMocksTestExecutionListener@26d7cb0d]

  .   ____          _            __ _ _
 /\\ / ___'_ __ _ _(_)_ __  __ _ \ \ \ \
( ( )\___ | '_ | '_| | '_ \/ _` | \ \ \ \
 \\/  ___)| |_)| | | | | || (_| |  ) ) ) )
  '  |____| .__|_| |_|_| |_\__, | / / / /
 =========|_|==============|___/=/_/_/_/
 :: Spring Boot ::               (v2.7.18)

2025-11-18 03:31:08.147  INFO 87261 --- [    Test worker] c.p.c.web.BookControllerMvcTests         : Starting BookControllerMvcTests using Java 21.0.9 on 2e66babf3ec0 with PID 87261 (started by vscode in /workspaces/cloud-native-spring-in-action-main/Chapter03/03-begin/catalog-service)
2025-11-18 03:31:08.147  INFO 87261 --- [    Test worker] c.p.c.web.BookControllerMvcTests         : No active profile set, falling back to 1 default profile: "default"
2025-11-18 03:31:17.045  INFO 87261 --- [    Test worker] o.s.b.t.m.w.SpringBootMockServletContext : Initializing Spring TestDispatcherServlet ''
2025-11-18 03:31:17.045  INFO 87261 --- [    Test worker] o.s.t.web.servlet.TestDispatcherServlet  : Initializing Servlet ''
2025-11-18 03:31:17.046  INFO 87261 --- [    Test worker] o.s.t.web.servlet.TestDispatcherServlet  : Completed initialization in 1 ms
2025-11-18 03:31:17.361  INFO 87261 --- [    Test worker] c.p.c.web.BookControllerMvcTests         : Started BookControllerMvcTests in 9.531 seconds (JVM running for 50.255)
]]></system-out>
  <system-err><![CDATA[]]></system-err>
</testsuite>
