<?xml version="1.0" encoding="UTF-8"?>
<testsuite name="com.polarbookshop.catalogservice.domain.BookValidationTests" tests="2" skipped="0" failures="0" errors="0" timestamp="2025-11-18T03:31:07" hostname="2e66babf3ec0" time="0.128">
  <properties/>
  <testcase name="whenAllFieldsCorrectThenValidationSucceeds()" classname="com.polarbookshop.catalogservice.domain.BookValidationTests" time="0.075"/>
  <testcase name="whenIsbnDefinedButIncorrectThenValidationFails()" classname="com.polarbookshop.catalogservice.domain.BookValidationTests" time="0.052"/>
  <system-out><![CDATA[]]></system-out>
  <system-err><![CDATA[]]></system-err>
</testsuite>
